<?xml version="1.0" encoding="UTF-8"?>
<!-- Generated by org.testng.reporters.JUnitXMLReporter -->
<testsuite ignored="3" hostname="UNI-BGL-SUMAN" failures="1" tests="8" name="Test" time="333.451" errors="0" timestamp="16 Mar 2021 06:07:15 GMT">
  <testcase classname="Tests.Orders" name="CreateOrder" time="44.961"/>
  <testcase classname="Tests.Orders" name="WareHouseOrders" time="37.255"/>
  <testcase classname="Tests.SMSTemplates" name="Template" time="9.765"/>
  <testcase classname="Tests.UPPDistributors" name="UPPDistributor" time="11.051">
    <failure type="junit.framework.ComparisonFailure" message="expected:&amp;lt;...&amp;gt; but was:&amp;lt;Super ...&amp;gt;">
      <![CDATA[junit.framework.ComparisonFailure: expected:<...> but was:<Super ...>
at junit.framework.Assert.assertEquals(Assert.java:81)
at junit.framework.Assert.assertEquals(Assert.java:87)
at POM.UPPDistributorsPOM.Distributors(UPPDistributorsPOM.java:150)
at Pages.UPPDistributorsPage.Distributors(UPPDistributorsPage.java:10)
at Tests.UPPDistributors.UPPDistributor(UPPDistributors.java:23)
... Removed 25 stack frames]]>
    </failure>
  </testcase> <!-- UPPDistributor -->
  <testcase classname="Tests.UPPPayments" name="KotakAvenueAborted" time="26.218"/>
  <testcase classname="Tests.UPPPayments" name="KotakAvenueFailure" time="42.365"/>
  <testcase classname="Tests.UPPPayments" name="KotakAvenueSucess" time="39.503"/>
  <testcase classname="Tests.UPPPayments" name="RazorPay" time="27.466"/>
  <testcase classname="Pages.SuperTestNG" name="@BeforeTest StartReport" time="0.0">
    <ignored/>
  </testcase> <!-- @BeforeTest StartReport -->
  <testcase classname="Pages.SuperTestNG" name="@BeforeTest StartReport" time="0.0">
    <ignored/>
  </testcase> <!-- @BeforeTest StartReport -->
  <testcase classname="Pages.SuperTestNG" name="@BeforeTest StartReport" time="0.0">
    <ignored/>
  </testcase> <!-- @BeforeTest StartReport -->
</testsuite> <!-- Test -->
