<?xml version="1.0" encoding="UTF-8"?>
<!-- Generated by org.testng.reporters.JUnitXMLReporter -->
<testsuite hostname="UNI-BGL-SUMAN" ignored="4" name="Test" tests="2" failures="1" timestamp="14 Nov 2019 11:08:55 GMT" time="14.767" errors="0">
  <testcase name="FR" time="0.033" classname="Tests.sample1"/>
  <testcase name="PC" time="0.012" classname="Tests.sample2">
    <failure type="org.junit.ComparisonFailure" message="expected:&amp;lt;Unicity[]&amp;gt; but was:&amp;lt;Unicity[ Warehouse Application]&amp;gt;">
      <![CDATA[org.junit.ComparisonFailure: expected:<Unicity[]> but was:<Unicity[ Warehouse Application]>
at org.junit.Assert.assertEquals(Assert.java:115)
at org.junit.Assert.assertEquals(Assert.java:144)
at Tests.sample2.PC(sample2.java:14)
... Removed 25 stack frames]]>
    </failure>
  </testcase> <!-- PC -->
  <testcase name="@BeforeTest precondition" time="0.0" classname="Tests.Super">
    <ignored/>
  </testcase> <!-- @BeforeTest precondition -->
  <testcase name="@AfterSuite teardown" time="0.0" classname="Tests.Super">
    <ignored/>
  </testcase> <!-- @AfterSuite teardown -->
  <testcase name="@BeforeSuite setup" time="0.0" classname="Tests.Super">
    <ignored/>
  </testcase> <!-- @BeforeSuite setup -->
  <testcase name="@AfterTest postcondition" time="0.0" classname="Tests.Super">
    <ignored/>
  </testcase> <!-- @AfterTest postcondition -->
</testsuite> <!-- Test -->
