<?xml version="1.0" encoding="UTF-8"?>
<testng-results skipped="0" failed="0" ignored="0" total="1" passed="1">
  <reporter-output>
  </reporter-output>
  <suite name="Default suite" duration-ms="14078" started-at="2019-11-14T11:23:52Z" finished-at="2019-11-14T11:24:06Z">
    <groups>
    </groups>
    <test name="Default test" duration-ms="14078" started-at="2019-11-14T11:23:52Z" finished-at="2019-11-14T11:24:06Z">
      <class name="Tests.sample1">
        <test-method status="PASS" signature="setup()[pri:0, instance:Tests.sample1@a67c67e]" name="setup" is-config="true" duration-ms="232" started-at="2019-11-14T11:23:52Z" finished-at="2019-11-14T11:23:52Z">
          <reporter-output>
          </reporter-output>
        </test-method> <!-- setup -->
        <test-method status="PASS" signature="precondition()[pri:0, instance:Tests.sample1@a67c67e]" name="precondition" is-config="true" duration-ms="13999" started-at="2019-11-14T11:23:52Z" finished-at="2019-11-14T11:24:06Z">
          <reporter-output>
          </reporter-output>
        </test-method> <!-- precondition -->
        <test-method status="PASS" signature="FR()[pri:0, instance:Tests.sample1@a67c67e]" name="FR" duration-ms="50" started-at="2019-11-14T11:24:06Z" finished-at="2019-11-14T11:24:06Z">
          <reporter-output>
          </reporter-output>
        </test-method> <!-- FR -->
        <test-method status="FAIL" signature="PostCondition(org.testng.ITestContext)[pri:0, instance:Tests.sample1@a67c67e]" name="PostCondition" is-config="true" duration-ms="3" started-at="2019-11-14T11:24:06Z" finished-at="2019-11-14T11:24:06Z">
          <params>
            <param index="0">
              <value>
                <![CDATA[org.testng.TestRunner@2d778add]]>
              </value>
            </param>
          </params>
          <exception class="java.lang.NullPointerException">
            <full-stacktrace>
              <![CDATA[java.lang.NullPointerException
at Tests.Super.PostCondition(Super.java:56)
at sun.reflect.NativeMethodAccessorImpl.invoke0(Native Method)
at sun.reflect.NativeMethodAccessorImpl.invoke(NativeMethodAccessorImpl.java:62)
at sun.reflect.DelegatingMethodAccessorImpl.invoke(DelegatingMethodAccessorImpl.java:43)
at java.lang.reflect.Method.invoke(Method.java:498)
at org.testng.internal.MethodInvocationHelper.invokeMethod(MethodInvocationHelper.java:124)
at org.testng.internal.MethodInvocationHelper.invokeMethodConsideringTimeout(MethodInvocationHelper.java:59)
at org.testng.internal.Invoker.invokeConfigurationMethod(Invoker.java:458)
at org.testng.internal.Invoker.invokeConfigurations(Invoker.java:222)
at org.testng.internal.Invoker.invokeConfigurations(Invoker.java:142)
at org.testng.TestRunner.afterRun(TestRunner.java:725)
at org.testng.TestRunner.run(TestRunner.java:509)
at org.testng.SuiteRunner.runTest(SuiteRunner.java:455)
at org.testng.SuiteRunner.runSequentially(SuiteRunner.java:450)
at org.testng.SuiteRunner.privateRun(SuiteRunner.java:415)
at org.testng.SuiteRunner.run(SuiteRunner.java:364)
at org.testng.SuiteRunnerWorker.runSuite(SuiteRunnerWorker.java:52)
at org.testng.SuiteRunnerWorker.run(SuiteRunnerWorker.java:84)
at org.testng.TestNG.runSuitesSequentially(TestNG.java:1208)
at org.testng.TestNG.runSuitesLocally(TestNG.java:1137)
at org.testng.TestNG.runSuites(TestNG.java:1049)
at org.testng.TestNG.run(TestNG.java:1017)
at org.testng.remote.AbstractRemoteTestNG.run(AbstractRemoteTestNG.java:115)
at org.testng.remote.RemoteTestNG.initAndRun(RemoteTestNG.java:251)
at org.testng.remote.RemoteTestNG.main(RemoteTestNG.java:77)
]]>
            </full-stacktrace>
          </exception> <!-- java.lang.NullPointerException -->
          <reporter-output>
          </reporter-output>
        </test-method> <!-- PostCondition -->
        <test-method status="SKIP" signature="teardown()[pri:0, instance:Tests.sample1@a67c67e]" name="teardown" is-config="true" duration-ms="0" started-at="2019-11-14T11:24:06Z" finished-at="2019-11-14T11:24:06Z">
          <reporter-output>
          </reporter-output>
        </test-method> <!-- teardown -->
      </class> <!-- Tests.sample1 -->
    </test> <!-- Default test -->
  </suite> <!-- Default suite -->
</testng-results>
