<?xml version="1.0" encoding="UTF-8"?>
<testng-results skipped="0" failed="0" ignored="0" total="1" passed="1">
  <reporter-output>
  </reporter-output>
  <suite name="Suite" duration-ms="55682" started-at="2021-03-17T07:57:35Z" finished-at="2021-03-17T07:58:31Z">
    <groups>
    </groups>
    <test name="Test" duration-ms="55682" started-at="2021-03-17T07:57:35Z" finished-at="2021-03-17T07:58:31Z">
      <class name="Tests.KYC">
        <test-method status="PASS" signature="StartReport()[pri:0, instance:Tests.KYC@52a86356]" name="StartReport" is-config="true" duration-ms="293" started-at="2021-03-17T07:57:35Z" finished-at="2021-03-17T07:57:36Z">
          <reporter-output>
          </reporter-output>
        </test-method> <!-- StartReport -->
        <test-method status="PASS" signature="PreConditon()[pri:0, instance:Tests.KYC@52a86356]" name="PreConditon" is-config="true" duration-ms="11869" started-at="2021-03-17T07:57:36Z" finished-at="2021-03-17T07:57:48Z">
          <reporter-output>
          </reporter-output>
        </test-method> <!-- PreConditon -->
        <test-method status="PASS" signature="KYCPortal()[pri:0, instance:Tests.KYC@52a86356]" name="KYCPortal" duration-ms="42306" started-at="2021-03-17T07:57:48Z" finished-at="2021-03-17T07:58:30Z">
          <reporter-output>
          </reporter-output>
        </test-method> <!-- KYCPortal -->
        <test-method status="PASS" signature="PostCondition(org.testng.ITestResult)[pri:0, instance:Tests.KYC@52a86356]" name="PostCondition" is-config="true" duration-ms="1178" started-at="2021-03-17T07:58:30Z" finished-at="2021-03-17T07:58:31Z">
          <params>
            <param index="0">
              <value>
                <![CDATA[[TestResult name=KYCPortal status=SUCCESS method=KYC.KYCPortal()[pri:0, instance:Tests.KYC@52a86356] output={null}]]]>
              </value>
            </param>
          </params>
          <reporter-output>
          </reporter-output>
        </test-method> <!-- PostCondition -->
      </class> <!-- Tests.KYC -->
    </test> <!-- Test -->
  </suite> <!-- Suite -->
</testng-results>
